<?xml version="1.0" encoding="UTF-8"?>
<!-- Generated by org.testng.reporters.JUnitReportReporter -->
<testsuite hostname="DESKTOP-353CMR5" failures="0" tests="1" name="apiTest.TC0008" time="2.001" errors="0" timestamp="2025-11-01T01:17:26 MYT" skipped="0">
  <testcase classname="apiTest.TC0008" name="testUpdateProductBrand" time="2.001"/>
</testsuite> <!-- apiTest.TC0008 -->
