<?xml version="1.0" encoding="UTF-8"?>
<!-- Generated by org.testng.reporters.JUnitReportReporter -->
<testsuite hostname="DESKTOP-353CMR5" failures="0" tests="1" name="apiTest.TC0004" time="2.251" errors="0" timestamp="2025-10-31T14:56:17 MYT" skipped="0">
  <testcase classname="apiTest.TC0004" name="testUpdateCategoryName" time="2.251"/>
</testsuite> <!-- apiTest.TC0004 -->
