<?xml version="1.0" encoding="UTF-8"?>
<!-- Generated by org.testng.reporters.JUnitReportReporter -->
<testsuite hostname="DESKTOP-353CMR5" failures="0" tests="1" name="apiTest.TC0002" time="2.081" errors="0" timestamp="2025-10-31T11:05:52 MYT" skipped="0">
  <testcase classname="apiTest.TC0002" name="testGetCategoryById" time="2.081"/>
</testsuite> <!-- apiTest.TC0002 -->
