<?xml version="1.0" encoding="UTF-8"?>
<!-- Generated by org.testng.reporters.JUnitReportReporter -->
<testsuite hostname="DESKTOP-353CMR5" failures="0" tests="1" name="apiTest.TC0003" time="2.045" errors="0" timestamp="2025-10-31T00:46:37 MYT" skipped="0">
  <testcase classname="apiTest.TC0003" name="testPostCategory" time="2.045"/>
</testsuite> <!-- apiTest.TC0003 -->
