<?xml version="1.0" encoding="UTF-8"?>
<!-- Generated by org.testng.reporters.JUnitReportReporter -->
<testsuite hostname="DESKTOP-353CMR5" failures="0" tests="1" name="apiTest.TC0006" time="2.726" errors="0" timestamp="2025-10-31T20:45:01 MYT" skipped="0">
  <testcase classname="apiTest.TC0006" name="testGetProduct" time="2.726"/>
</testsuite> <!-- apiTest.TC0006 -->
