<?xml version="1.0" encoding="UTF-8"?>
<!-- Generated by org.testng.reporters.JUnitReportReporter -->
<testsuite hostname="DESKTOP-353CMR5" failures="0" tests="1" name="apiTest.TC0001" time="2.029" errors="0" timestamp="2025-10-30T23:19:58 MYT" skipped="0">
  <testcase classname="apiTest.TC0001" name="testGetUserById" time="2.029"/>
</testsuite> <!-- apiTest.TC0001 -->
